[0702/170312.471192:ERROR:simple_backend_impl.cc(79)] Failed to create directory: /home/ubuntu/futbol_scratch_-_prediction/ /home/ubuntu/user-data-dir/Default/Code Cache/wasm
[0702/170312.471612:ERROR:simple_backend_impl.cc(79)] Failed to create directory: /home/ubuntu/futbol_scratch_-_prediction/ /home/ubuntu/user-data-dir/Default/Code Cache/wasm
[0702/170312.471638:ERROR:simple_backend_impl.cc(738)] Simple Cache Backend: wrong file structure on disk: 1 path: /home/ubuntu/futbol_scratch_-_prediction/ /home/ubuntu/user-data-dir/Default/Code Cache/wasm
[0702/170312.472065:ERROR:simple_backend_impl.cc(79)] Failed to create directory: /home/ubuntu/futbol_scratch_-_prediction/ /home/ubuntu/user-data-dir/Default/Code Cache/js
[0702/170312.472224:ERROR:disk_cache.cc(205)] Unable to create cache
[0702/170312.517504:ERROR:simple_backend_impl.cc(79)] Failed to create directory: /home/ubuntu/futbol_scratch_-_prediction/ /home/ubuntu/user-data-dir/Default/Code Cache/js
[0702/170312.517564:ERROR:simple_backend_impl.cc(738)] Simple Cache Backend: wrong file structure on disk: 1 path: /home/ubuntu/futbol_scratch_-_prediction/ /home/ubuntu/user-data-dir/Default/Code Cache/js
[0702/170312.519196:ERROR:disk_cache.cc(205)] Unable to create cache
[0702/170312.526934:WARNING:bluez_dbus_manager.cc(247)] Floss manager not present, cannot set Floss enable/disable.
[0702/170312.527874:WARNING:cache_util.cc(137)] Unable to delete cache folder.
[0702/170312.527910:WARNING:cache_util.cc(137)] Unable to delete cache folder.
[0702/170312.527921:WARNING:cache_util.cc(137)] Unable to delete cache folder.
[0702/170312.527930:WARNING:cache_util.cc(137)] Unable to delete cache folder.
[0702/170312.527940:WARNING:cache_util.cc(137)] Unable to delete cache folder.
[0702/170312.527950:WARNING:cache_util.cc(137)] Unable to delete cache folder.
[0702/170312.527959:WARNING:cache_util.cc(137)] Unable to delete cache folder.
[0702/170312.527969:WARNING:cache_util.cc(137)] Unable to delete cache folder.
[0702/170312.527979:WARNING:cache_util.cc(137)] Unable to delete cache folder.
[0702/170312.527988:WARNING:cache_util.cc(137)] Unable to delete cache folder.
[0702/170312.527998:WARNING:cache_util.cc(137)] Unable to delete cache folder.
[0702/170312.528008:WARNING:cache_util.cc(137)] Unable to delete cache folder.
[0702/170312.528018:WARNING:cache_util.cc(137)] Unable to delete cache folder.
[0702/170312.528027:WARNING:cache_util.cc(137)] Unable to delete cache folder.
[0702/170312.528038:WARNING:cache_util.cc(137)] Unable to delete cache folder.
[0702/170312.528047:WARNING:cache_util.cc(137)] Unable to delete cache folder.
[0702/170312.528057:WARNING:cache_util.cc(137)] Unable to delete cache folder.
[0702/170312.528067:WARNING:cache_util.cc(137)] Unable to delete cache folder.
[0702/170312.528076:WARNING:cache_util.cc(137)] Unable to delete cache folder.
[0702/170312.528087:WARNING:cache_util.cc(137)] Unable to delete cache folder.
[0702/170312.528096:WARNING:cache_util.cc(137)] Unable to delete cache folder.
[0702/170312.528106:WARNING:cache_util.cc(137)] Unable to delete cache folder.
[0702/170312.528115:WARNING:cache_util.cc(137)] Unable to delete cache folder.
[0702/170312.528125:WARNING:cache_util.cc(137)] Unable to delete cache folder.
[0702/170312.528135:WARNING:cache_util.cc(137)] Unable to delete cache folder.
[0702/170312.528144:WARNING:cache_util.cc(137)] Unable to delete cache folder.
[0702/170312.528154:WARNING:cache_util.cc(137)] Unable to delete cache folder.
[0702/170312.528163:WARNING:cache_util.cc(137)] Unable to delete cache folder.
[0702/170312.528173:WARNING:cache_util.cc(137)] Unable to delete cache folder.
[0702/170312.528183:WARNING:cache_util.cc(137)] Unable to delete cache folder.
[0702/170312.528192:WARNING:cache_util.cc(137)] Unable to delete cache folder.
[0702/170312.528201:WARNING:cache_util.cc(137)] Unable to delete cache folder.
[0702/170312.528212:WARNING:cache_util.cc(137)] Unable to delete cache folder.
[0702/170312.528221:WARNING:cache_util.cc(137)] Unable to delete cache folder.
[0702/170312.528231:WARNING:cache_util.cc(137)] Unable to delete cache folder.
[0702/170312.528253:WARNING:cache_util.cc(137)] Unable to delete cache folder.
[0702/170312.528263:WARNING:cache_util.cc(137)] Unable to delete cache folder.
[0702/170312.528273:WARNING:cache_util.cc(137)] Unable to delete cache folder.
[0702/170312.528282:WARNING:cache_util.cc(137)] Unable to delete cache folder.
[0702/170312.528292:WARNING:cache_util.cc(137)] Unable to delete cache folder.
[0702/170312.528302:WARNING:cache_util.cc(137)] Unable to delete cache folder.
[0702/170312.528311:WARNING:cache_util.cc(137)] Unable to delete cache folder.
[0702/170312.528321:WARNING:cache_util.cc(137)] Unable to delete cache folder.
[0702/170312.528330:WARNING:cache_util.cc(137)] Unable to delete cache folder.
[0702/170312.528340:WARNING:cache_util.cc(137)] Unable to delete cache folder.
[0702/170312.528349:WARNING:cache_util.cc(137)] Unable to delete cache folder.
[0702/170312.528358:WARNING:cache_util.cc(137)] Unable to delete cache folder.
[0702/170312.528367:WARNING:cache_util.cc(137)] Unable to delete cache folder.
[0702/170312.528377:WARNING:cache_util.cc(137)] Unable to delete cache folder.
[0702/170312.528387:WARNING:cache_util.cc(137)] Unable to delete cache folder.
[0702/170312.528396:WARNING:cache_util.cc(137)] Unable to delete cache folder.
[0702/170312.528406:WARNING:cache_util.cc(137)] Unable to delete cache folder.
[0702/170312.528415:WARNING:cache_util.cc(137)] Unable to delete cache folder.
[0702/170312.528425:WARNING:cache_util.cc(137)] Unable to delete cache folder.
[0702/170312.528435:WARNING:cache_util.cc(137)] Unable to delete cache folder.
[0702/170312.528444:WARNING:cache_util.cc(137)] Unable to delete cache folder.
[0702/170312.528453:WARNING:cache_util.cc(137)] Unable to delete cache folder.
[0702/170312.528463:WARNING:cache_util.cc(137)] Unable to delete cache folder.
[0702/170312.528472:WARNING:cache_util.cc(137)] Unable to delete cache folder.
[0702/170312.528481:WARNING:cache_util.cc(137)] Unable to delete cache folder.
[0702/170312.528490:WARNING:cache_util.cc(137)] Unable to delete cache folder.
[0702/170312.528500:WARNING:cache_util.cc(137)] Unable to delete cache folder.
[0702/170312.528510:WARNING:cache_util.cc(137)] Unable to delete cache folder.
[0702/170312.528520:WARNING:cache_util.cc(137)] Unable to delete cache folder.
[0702/170312.528530:WARNING:cache_util.cc(137)] Unable to delete cache folder.
[0702/170312.528541:WARNING:cache_util.cc(137)] Unable to delete cache folder.
[0702/170312.528551:WARNING:cache_util.cc(137)] Unable to delete cache folder.
[0702/170312.528561:WARNING:cache_util.cc(137)] Unable to delete cache folder.
[0702/170312.528570:WARNING:cache_util.cc(137)] Unable to delete cache folder.
[0702/170312.528580:WARNING:cache_util.cc(137)] Unable to delete cache folder.
[0702/170312.528589:WARNING:cache_util.cc(137)] Unable to delete cache folder.
[0702/170312.528598:WARNING:cache_util.cc(137)] Unable to delete cache folder.
[0702/170312.528608:WARNING:cache_util.cc(137)] Unable to delete cache folder.
[0702/170312.528617:WARNING:cache_util.cc(137)] Unable to delete cache folder.
[0702/170312.528628:WARNING:cache_util.cc(137)] Unable to delete cache folder.
[0702/170312.528638:WARNING:cache_util.cc(137)] Unable to delete cache folder.
[0702/170312.528648:WARNING:cache_util.cc(137)] Unable to delete cache folder.
[0702/170312.528658:WARNING:cache_util.cc(137)] Unable to delete cache folder.
[0702/170312.528668:WARNING:cache_util.cc(137)] Unable to delete cache folder.
[0702/170312.528678:WARNING:cache_util.cc(137)] Unable to delete cache folder.
[0702/170312.528688:WARNING:cache_util.cc(137)] Unable to delete cache folder.
[0702/170312.528697:WARNING:cache_util.cc(137)] Unable to delete cache folder.
[0702/170312.528707:WARNING:cache_util.cc(137)] Unable to delete cache folder.
[0702/170312.528716:WARNING:cache_util.cc(137)] Unable to delete cache folder.
[0702/170312.528726:WARNING:cache_util.cc(137)] Unable to delete cache folder.
[0702/170312.528736:WARNING:cache_util.cc(137)] Unable to delete cache folder.
[0702/170312.528746:WARNING:cache_util.cc(137)] Unable to delete cache folder.
[0702/170312.528764:WARNING:cache_util.cc(137)] Unable to delete cache folder.
[0702/170312.528774:WARNING:cache_util.cc(137)] Unable to delete cache folder.
[0702/170312.528784:WARNING:cache_util.cc(137)] Unable to delete cache folder.
[0702/170312.528793:WARNING:cache_util.cc(137)] Unable to delete cache folder.
[0702/170312.528803:WARNING:cache_util.cc(137)] Unable to delete cache folder.
[0702/170312.528813:WARNING:cache_util.cc(137)] Unable to delete cache folder.
[0702/170312.528823:WARNING:cache_util.cc(137)] Unable to delete cache folder.
[0702/170312.528833:WARNING:cache_util.cc(137)] Unable to delete cache folder.
[0702/170312.528843:WARNING:cache_util.cc(137)] Unable to delete cache folder.
[0702/170312.528853:WARNING:cache_util.cc(137)] Unable to delete cache folder.
[0702/170312.528863:WARNING:cache_util.cc(137)] Unable to delete cache folder.
[0702/170312.528873:WARNING:cache_util.cc(137)] Unable to delete cache folder.
[0702/170312.528883:WARNING:cache_util.cc(137)] Unable to delete cache folder.
[0702/170312.528899:WARNING:cache_util.cc(137)] Unable to delete cache folder.
[0702/170312.528910:WARNING:cache_util.cc(137)] Unable to delete cache folder.
[0702/170312.528920:WARNING:cache_util.cc(137)] Unable to delete cache folder.
[0702/170312.528929:WARNING:cache_util.cc(137)] Unable to delete cache folder.
[0702/170312.528939:WARNING:cache_util.cc(137)] Unable to delete cache folder.
[0702/170312.528949:WARNING:cache_util.cc(137)] Unable to delete cache folder.
[0702/170312.528958:WARNING:cache_util.cc(137)] Unable to delete cache folder.
[0702/170312.528967:WARNING:cache_util.cc(137)] Unable to delete cache folder.
[0702/170312.528977:WARNING:cache_util.cc(137)] Unable to delete cache folder.
[0702/170312.528987:WARNING:cache_util.cc(137)] Unable to delete cache folder.
[0702/170312.528997:WARNING:cache_util.cc(137)] Unable to delete cache folder.
[0702/170312.529006:WARNING:cache_util.cc(137)] Unable to delete cache folder.
[0702/170312.529016:WARNING:cache_util.cc(137)] Unable to delete cache folder.
[0702/170312.529026:WARNING:cache_util.cc(137)] Unable to delete cache folder.
[0702/170312.529050:WARNING:cache_util.cc(137)] Unable to delete cache folder.
[0702/170312.529061:WARNING:cache_util.cc(137)] Unable to delete cache folder.
[0702/170312.529070:WARNING:cache_util.cc(137)] Unable to delete cache folder.
[0702/170312.529080:WARNING:cache_util.cc(137)] Unable to delete cache folder.
[0702/170312.529090:WARNING:cache_util.cc(137)] Unable to delete cache folder.
[0702/170312.529099:WARNING:cache_util.cc(137)] Unable to delete cache folder.
[0702/170312.529108:WARNING:cache_util.cc(137)] Unable to delete cache folder.
[0702/170312.529118:WARNING:cache_util.cc(137)] Unable to delete cache folder.
[0702/170312.529129:WARNING:cache_util.cc(137)] Unable to delete cache folder.
[0702/170312.529139:WARNING:cache_util.cc(137)] Unable to delete cache folder.
[0702/170312.529149:WARNING:cache_util.cc(137)] Unable to delete cache folder.
[0702/170312.529159:WARNING:cache_util.cc(137)] Unable to delete cache folder.
[0702/170312.529170:WARNING:cache_util.cc(137)] Unable to delete cache folder.
[0702/170312.529179:WARNING:cache_util.cc(137)] Unable to delete cache folder.
[0702/170312.529189:WARNING:cache_util.cc(137)] Unable to delete cache folder.
[0702/170312.529199:WARNING:cache_util.cc(137)] Unable to delete cache folder.
[0702/170312.529209:WARNING:cache_util.cc(137)] Unable to delete cache folder.
[0702/170312.529219:WARNING:cache_util.cc(137)] Unable to delete cache folder.
[0702/170312.529228:WARNING:cache_util.cc(137)] Unable to delete cache folder.
[0702/170312.529238:WARNING:cache_util.cc(137)] Unable to delete cache folder.
[0702/170312.529248:WARNING:cache_util.cc(137)] Unable to delete cache folder.
[0702/170312.529258:WARNING:cache_util.cc(137)] Unable to delete cache folder.
[0702/170312.529269:WARNING:cache_util.cc(137)] Unable to delete cache folder.
[0702/170312.529279:WARNING:cache_util.cc(137)] Unable to delete cache folder.
[0702/170312.529289:WARNING:cache_util.cc(137)] Unable to delete cache folder.
[0702/170312.529305:WARNING:cache_util.cc(137)] Unable to delete cache folder.
[0702/170312.529315:WARNING:cache_util.cc(137)] Unable to delete cache folder.
[0702/170312.529324:WARNING:cache_util.cc(137)] Unable to delete cache folder.
[0702/170312.529333:WARNING:cache_util.cc(137)] Unable to delete cache folder.
[0702/170312.529342:WARNING:cache_util.cc(137)] Unable to delete cache folder.
[0702/170312.529352:WARNING:cache_util.cc(137)] Unable to delete cache folder.
[0702/170312.529362:WARNING:cache_util.cc(137)] Unable to delete cache folder.
[0702/170312.529370:WARNING:cache_util.cc(137)] Unable to delete cache folder.
[0702/170312.529380:WARNING:cache_util.cc(137)] Unable to delete cache folder.
[0702/170312.529389:WARNING:cache_util.cc(137)] Unable to delete cache folder.
[0702/170312.529399:WARNING:cache_util.cc(137)] Unable to delete cache folder.
[0702/170312.529408:WARNING:cache_util.cc(137)] Unable to delete cache folder.
[0702/170312.529418:WARNING:cache_util.cc(137)] Unable to delete cache folder.
[0702/170312.529427:WARNING:cache_util.cc(137)] Unable to delete cache folder.
[0702/170312.529437:WARNING:cache_util.cc(137)] Unable to delete cache folder.
[0702/170312.529447:WARNING:cache_util.cc(137)] Unable to delete cache folder.
[0702/170312.529457:WARNING:cache_util.cc(137)] Unable to delete cache folder.
[0702/170312.529466:WARNING:cache_util.cc(137)] Unable to delete cache folder.
[0702/170312.529475:WARNING:cache_util.cc(137)] Unable to delete cache folder.
[0702/170312.529485:WARNING:cache_util.cc(137)] Unable to delete cache folder.
[0702/170312.529494:WARNING:cache_util.cc(137)] Unable to delete cache folder.
[0702/170312.529503:WARNING:cache_util.cc(137)] Unable to delete cache folder.
[0702/170312.529512:WARNING:cache_util.cc(137)] Unable to delete cache folder.
[0702/170312.529523:WARNING:cache_util.cc(137)] Unable to delete cache folder.
[0702/170312.529532:WARNING:cache_util.cc(137)] Unable to delete cache folder.
[0702/170312.529542:WARNING:cache_util.cc(137)] Unable to delete cache folder.
[0702/170312.529552:WARNING:cache_util.cc(137)] Unable to delete cache folder.
[0702/170312.529562:WARNING:cache_util.cc(137)] Unable to delete cache folder.
[0702/170312.529571:WARNING:cache_util.cc(137)] Unable to delete cache folder.
[0702/170312.529581:WARNING:cache_util.cc(137)] Unable to delete cache folder.
[0702/170312.529590:WARNING:cache_util.cc(137)] Unable to delete cache folder.
[0702/170312.529600:WARNING:cache_util.cc(137)] Unable to delete cache folder.
[0702/170312.529609:WARNING:cache_util.cc(137)] Unable to delete cache folder.
[0702/170312.529619:WARNING:cache_util.cc(137)] Unable to delete cache folder.
[0702/170312.529628:WARNING:cache_util.cc(137)] Unable to delete cache folder.
[0702/170312.529638:WARNING:cache_util.cc(137)] Unable to delete cache folder.
[0702/170312.529647:WARNING:cache_util.cc(137)] Unable to delete cache folder.
[0702/170312.529657:WARNING:cache_util.cc(137)] Unable to delete cache folder.
[0702/170312.529667:WARNING:cache_util.cc(137)] Unable to delete cache folder.
[0702/170312.529677:WARNING:cache_util.cc(137)] Unable to delete cache folder.
[0702/170312.529688:WARNING:cache_util.cc(137)] Unable to delete cache folder.
[0702/170312.529698:WARNING:cache_util.cc(137)] Unable to delete cache folder.
[0702/170312.529709:WARNING:cache_util.cc(137)] Unable to delete cache folder.
[0702/170312.529719:WARNING:cache_util.cc(137)] Unable to delete cache folder.
[0702/170312.529729:WARNING:cache_util.cc(137)] Unable to delete cache folder.
[0702/170312.529739:WARNING:cache_util.cc(137)] Unable to delete cache folder.
[0702/170312.529749:WARNING:cache_util.cc(137)] Unable to delete cache folder.
[0702/170312.529759:WARNING:cache_util.cc(137)] Unable to delete cache folder.
[0702/170312.529769:WARNING:cache_util.cc(137)] Unable to delete cache folder.
[0702/170312.529779:WARNING:cache_util.cc(137)] Unable to delete cache folder.
[0702/170312.529789:WARNING:cache_util.cc(137)] Unable to delete cache folder.
[0702/170312.529799:WARNING:cache_util.cc(137)] Unable to delete cache folder.
[0702/170312.529815:WARNING:cache_util.cc(137)] Unable to delete cache folder.
[0702/170312.529826:WARNING:cache_util.cc(137)] Unable to delete cache folder.
[0702/170312.529836:WARNING:cache_util.cc(137)] Unable to delete cache folder.
[0702/170312.529846:WARNING:cache_util.cc(137)] Unable to delete cache folder.
[0702/170312.529856:WARNING:cache_util.cc(137)] Unable to delete cache folder.
[0702/170312.529866:WARNING:cache_util.cc(137)] Unable to delete cache folder.
[0702/170312.529876:WARNING:cache_util.cc(137)] Unable to delete cache folder.
[0702/170312.539405:WARNING:cache_util.cc(137)] Unable to delete cache folder.
[0702/170312.539428:WARNING:cache_util.cc(137)] Unable to delete cache folder.
[0702/170312.540337:WARNING:cache_util.cc(137)] Unable to delete cache folder.
[0702/170312.540373:WARNING:cache_util.cc(137)] Unable to delete cache folder.
[0702/170312.540383:WARNING:cache_util.cc(137)] Unable to delete cache folder.
[0702/170312.540393:WARNING:cache_util.cc(137)] Unable to delete cache folder.
[0702/170312.540403:WARNING:cache_util.cc(137)] Unable to delete cache folder.
[0702/170312.540413:WARNING:cache_util.cc(137)] Unable to delete cache folder.
[0702/170312.540422:WARNING:cache_util.cc(137)] Unable to delete cache folder.
[0702/170312.540432:WARNING:cache_util.cc(137)] Unable to delete cache folder.
[0702/170312.540442:WARNING:cache_util.cc(137)] Unable to delete cache folder.
[0702/170312.540452:WARNING:cache_util.cc(137)] Unable to delete cache folder.
[0702/170312.540462:WARNING:cache_util.cc(137)] Unable to delete cache folder.
[0702/170312.540471:WARNING:cache_util.cc(137)] Unable to delete cache folder.
[0702/170312.540481:WARNING:cache_util.cc(137)] Unable to delete cache folder.
[0702/170312.540491:WARNING:cache_util.cc(137)] Unable to delete cache folder.
[0702/170312.540501:WARNING:cache_util.cc(137)] Unable to delete cache folder.
[0702/170312.540511:WARNING:cache_util.cc(137)] Unable to delete cache folder.
[0702/170312.540520:WARNING:cache_util.cc(137)] Unable to delete cache folder.
[0702/170312.540530:WARNING:cache_util.cc(137)] Unable to delete cache folder.
[0702/170312.540540:WARNING:cache_util.cc(137)] Unable to delete cache folder.
[0702/170312.540550:WARNING:cache_util.cc(137)] Unable to delete cache folder.
[0702/170312.540561:WARNING:cache_util.cc(137)] Unable to delete cache folder.
[0702/170312.540571:WARNING:cache_util.cc(137)] Unable to delete cache folder.
[0702/170312.540580:WARNING:cache_util.cc(137)] Unable to delete cache folder.
[0702/170312.540591:WARNING:cache_util.cc(137)] Unable to delete cache folder.
[0702/170312.540600:WARNING:cache_util.cc(137)] Unable to delete cache folder.
[0702/170312.540611:WARNING:cache_util.cc(137)] Unable to delete cache folder.
[0702/170312.540621:WARNING:cache_util.cc(137)] Unable to delete cache folder.
[0702/170312.540631:WARNING:cache_util.cc(137)] Unable to delete cache folder.
[0702/170312.540641:WARNING:cache_util.cc(137)] Unable to delete cache folder.
[0702/170312.540650:WARNING:cache_util.cc(137)] Unable to delete cache folder.
[0702/170312.540660:WARNING:cache_util.cc(137)] Unable to delete cache folder.
[0702/170312.540670:WARNING:cache_util.cc(137)] Unable to delete cache folder.
[0702/170312.540680:WARNING:cache_util.cc(137)] Unable to delete cache folder.
[0702/170312.540689:WARNING:cache_util.cc(137)] Unable to delete cache folder.
[0702/170312.540699:WARNING:cache_util.cc(137)] Unable to delete cache folder.
[0702/170312.540708:WARNING:cache_util.cc(137)] Unable to delete cache folder.
[0702/170312.540718:WARNING:cache_util.cc(137)] Unable to delete cache folder.
[0702/170312.540728:WARNING:cache_util.cc(137)] Unable to delete cache folder.
[0702/170312.540737:WARNING:cache_util.cc(137)] Unable to delete cache folder.
[0702/170312.540746:WARNING:cache_util.cc(137)] Unable to delete cache folder.
[0702/170312.540756:WARNING:cache_util.cc(137)] Unable to delete cache folder.
[0702/170312.540765:WARNING:cache_util.cc(137)] Unable to delete cache folder.
[0702/170312.540788:WARNING:cache_util.cc(137)] Unable to delete cache folder.
[0702/170312.540799:WARNING:cache_util.cc(137)] Unable to delete cache folder.
[0702/170312.540809:WARNING:cache_util.cc(137)] Unable to delete cache folder.
[0702/170312.540819:WARNING:cache_util.cc(137)] Unable to delete cache folder.
[0702/170312.540829:WARNING:cache_util.cc(137)] Unable to delete cache folder.
[0702/170312.540839:WARNING:cache_util.cc(137)] Unable to delete cache folder.
[0702/170312.540849:WARNING:cache_util.cc(137)] Unable to delete cache folder.
[0702/170312.540859:WARNING:cache_util.cc(137)] Unable to delete cache folder.
[0702/170312.540869:WARNING:cache_util.cc(137)] Unable to delete cache folder.
[0702/170312.540879:WARNING:cache_util.cc(137)] Unable to delete cache folder.
[0702/170312.540890:WARNING:cache_util.cc(137)] Unable to delete cache folder.
[0702/170312.540900:WARNING:cache_util.cc(137)] Unable to delete cache folder.
[0702/170312.540909:WARNING:cache_util.cc(137)] Unable to delete cache folder.
[0702/170312.540920:WARNING:cache_util.cc(137)] Unable to delete cache folder.
[0702/170312.540930:WARNING:cache_util.cc(137)] Unable to delete cache folder.
[0702/170312.540940:WARNING:cache_util.cc(137)] Unable to delete cache folder.
[0702/170312.540950:WARNING:cache_util.cc(137)] Unable to delete cache folder.
[0702/170312.540960:WARNING:cache_util.cc(137)] Unable to delete cache folder.
[0702/170312.540970:WARNING:cache_util.cc(137)] Unable to delete cache folder.
[0702/170312.540980:WARNING:cache_util.cc(137)] Unable to delete cache folder.
[0702/170312.540990:WARNING:cache_util.cc(137)] Unable to delete cache folder.
[0702/170312.541000:WARNING:cache_util.cc(137)] Unable to delete cache folder.
[0702/170312.541010:WARNING:cache_util.cc(137)] Unable to delete cache folder.
[0702/170312.541020:WARNING:cache_util.cc(137)] Unable to delete cache folder.
[0702/170312.541030:WARNING:cache_util.cc(137)] Unable to delete cache folder.
[0702/170312.541057:WARNING:cache_util.cc(137)] Unable to delete cache folder.
[0702/170312.541067:WARNING:cache_util.cc(137)] Unable to delete cache folder.
[0702/170312.541075:WARNING:cache_util.cc(137)] Unable to delete cache folder.
[0702/170312.541086:WARNING:cache_util.cc(137)] Unable to delete cache folder.
[0702/170312.541095:WARNING:cache_util.cc(137)] Unable to delete cache folder.
[0702/170312.541104:WARNING:cache_util.cc(137)] Unable to delete cache folder.
[0702/170312.541113:WARNING:cache_util.cc(137)] Unable to delete cache folder.
[0702/170312.541122:WARNING:cache_util.cc(137)] Unable to delete cache folder.
[0702/170312.541131:WARNING:cache_util.cc(137)] Unable to delete cache folder.
[0702/170312.541139:WARNING:cache_util.cc(137)] Unable to delete cache folder.
[0702/170312.541148:WARNING:cache_util.cc(137)] Unable to delete cache folder.
[0702/170312.541156:WARNING:cache_util.cc(137)] Unable to delete cache folder.
[0702/170312.541165:WARNING:cache_util.cc(137)] Unable to delete cache folder.
[0702/170312.541174:WARNING:cache_util.cc(137)] Unable to delete cache folder.
[0702/170312.541182:WARNING:cache_util.cc(137)] Unable to delete cache folder.
[0702/170312.541192:WARNING:cache_util.cc(137)] Unable to delete cache folder.
[0702/170312.541200:WARNING:cache_util.cc(137)] Unable to delete cache folder.
[0702/170312.541208:WARNING:cache_util.cc(137)] Unable to delete cache folder.
[0702/170312.541218:WARNING:cache_util.cc(137)] Unable to delete cache folder.
[0702/170312.541227:WARNING:cache_util.cc(137)] Unable to delete cache folder.
[0702/170312.541236:WARNING:cache_util.cc(137)] Unable to delete cache folder.
[0702/170312.541245:WARNING:cache_util.cc(137)] Unable to delete cache folder.
[0702/170312.541253:WARNING:cache_util.cc(137)] Unable to delete cache folder.
[0702/170312.541262:WARNING:cache_util.cc(137)] Unable to delete cache folder.
[0702/170312.541271:WARNING:cache_util.cc(137)] Unable to delete cache folder.
[0702/170312.541280:WARNING:cache_util.cc(137)] Unable to delete cache folder.
[0702/170312.541289:WARNING:cache_util.cc(137)] Unable to delete cache folder.
[0702/170312.541310:WARNING:cache_util.cc(137)] Unable to delete cache folder.
[0702/170312.541319:WARNING:cache_util.cc(137)] Unable to delete cache folder.
[0702/170312.541329:WARNING:cache_util.cc(137)] Unable to delete cache folder.
[0702/170312.541339:WARNING:cache_util.cc(137)] Unable to delete cache folder.
[0702/170312.541348:WARNING:cache_util.cc(137)] Unable to delete cache folder.
[0702/170312.541357:WARNING:cache_util.cc(137)] Unable to delete cache folder.
[0702/170312.541510:WARNING:cache_util.cc(137)] Unable to delete cache folder.
[0702/170312.541526:WARNING:cache_util.cc(137)] Unable to delete cache folder.
[0702/170312.541536:WARNING:cache_util.cc(137)] Unable to delete cache folder.
[0702/170312.541544:WARNING:cache_util.cc(137)] Unable to delete cache folder.
[0702/170312.541553:WARNING:cache_util.cc(137)] Unable to delete cache folder.
[0702/170312.541561:WARNING:cache_util.cc(137)] Unable to delete cache folder.
[0702/170312.541570:WARNING:cache_util.cc(137)] Unable to delete cache folder.
[0702/170312.541579:WARNING:cache_util.cc(137)] Unable to delete cache folder.
[0702/170312.541588:WARNING:cache_util.cc(137)] Unable to delete cache folder.
[0702/170312.541597:WARNING:cache_util.cc(137)] Unable to delete cache folder.
[0702/170312.541606:WARNING:cache_util.cc(137)] Unable to delete cache folder.
[0702/170312.541616:WARNING:cache_util.cc(137)] Unable to delete cache folder.
[0702/170312.541625:WARNING:cache_util.cc(137)] Unable to delete cache folder.
[0702/170312.541634:WARNING:cache_util.cc(137)] Unable to delete cache folder.
[0702/170312.541643:WARNING:cache_util.cc(137)] Unable to delete cache folder.
[0702/170312.541651:WARNING:cache_util.cc(137)] Unable to delete cache folder.
[0702/170312.541661:WARNING:cache_util.cc(137)] Unable to delete cache folder.
[0702/170312.541670:WARNING:cache_util.cc(137)] Unable to delete cache folder.
[0702/170312.541678:WARNING:cache_util.cc(137)] Unable to delete cache folder.
[0702/170312.541687:WARNING:cache_util.cc(137)] Unable to delete cache folder.
[0702/170312.541696:WARNING:cache_util.cc(137)] Unable to delete cache folder.
[0702/170312.541705:WARNING:cache_util.cc(137)] Unable to delete cache folder.
[0702/170312.541714:WARNING:cache_util.cc(137)] Unable to delete cache folder.
[0702/170312.541723:WARNING:cache_util.cc(137)] Unable to delete cache folder.
[0702/170312.541733:WARNING:cache_util.cc(137)] Unable to delete cache folder.
[0702/170312.541742:WARNING:cache_util.cc(137)] Unable to delete cache folder.
[0702/170312.541750:WARNING:cache_util.cc(137)] Unable to delete cache folder.
[0702/170312.541759:WARNING:cache_util.cc(137)] Unable to delete cache folder.
[0702/170312.541768:WARNING:cache_util.cc(137)] Unable to delete cache folder.
[0702/170312.541778:WARNING:cache_util.cc(137)] Unable to delete cache folder.
[0702/170312.541787:WARNING:cache_util.cc(137)] Unable to delete cache folder.
[0702/170312.541796:WARNING:cache_util.cc(137)] Unable to delete cache folder.
[0702/170312.541805:WARNING:cache_util.cc(137)] Unable to delete cache folder.
[0702/170312.541814:WARNING:cache_util.cc(137)] Unable to delete cache folder.
[0702/170312.541823:WARNING:cache_util.cc(137)] Unable to delete cache folder.
[0702/170312.541833:WARNING:cache_util.cc(137)] Unable to delete cache folder.
[0702/170312.541842:WARNING:cache_util.cc(137)] Unable to delete cache folder.
[0702/170312.541851:WARNING:cache_util.cc(137)] Unable to delete cache folder.
[0702/170312.541861:WARNING:cache_util.cc(137)] Unable to delete cache folder.
[0702/170312.541870:WARNING:cache_util.cc(137)] Unable to delete cache folder.
[0702/170312.541879:WARNING:cache_util.cc(137)] Unable to delete cache folder.
[0702/170312.541905:WARNING:cache_util.cc(137)] Unable to delete cache folder.
[0702/170312.541914:WARNING:cache_util.cc(137)] Unable to delete cache folder.
[0702/170312.541923:WARNING:cache_util.cc(137)] Unable to delete cache folder.
[0702/170312.541932:WARNING:cache_util.cc(137)] Unable to delete cache folder.
[0702/170312.541941:WARNING:cache_util.cc(137)] Unable to delete cache folder.
[0702/170312.541965:WARNING:cache_util.cc(137)] Unable to delete cache folder.
[0702/170312.541974:WARNING:cache_util.cc(137)] Unable to delete cache folder.
[0702/170312.541983:WARNING:cache_util.cc(137)] Unable to delete cache folder.
[0702/170312.541992:WARNING:cache_util.cc(137)] Unable to delete cache folder.
[0702/170312.542001:WARNING:cache_util.cc(137)] Unable to delete cache folder.
[0702/170312.542010:WARNING:cache_util.cc(137)] Unable to delete cache folder.
[0702/170312.542019:WARNING:cache_util.cc(137)] Unable to delete cache folder.
[0702/170312.542028:WARNING:cache_util.cc(137)] Unable to delete cache folder.
[0702/170312.542037:WARNING:cache_util.cc(137)] Unable to delete cache folder.
[0702/170312.542045:WARNING:cache_util.cc(137)] Unable to delete cache folder.
[0702/170312.542055:WARNING:cache_util.cc(137)] Unable to delete cache folder.
[0702/170312.542064:WARNING:cache_util.cc(137)] Unable to delete cache folder.
[0702/170312.542073:WARNING:cache_util.cc(137)] Unable to delete cache folder.
[0702/170312.542081:WARNING:cache_util.cc(137)] Unable to delete cache folder.
[0702/170312.542090:WARNING:cache_util.cc(137)] Unable to delete cache folder.
[0702/170312.542098:WARNING:cache_util.cc(137)] Unable to delete cache folder.
[0702/170312.542107:WARNING:cache_util.cc(137)] Unable to delete cache folder.
[0702/170312.542115:WARNING:cache_util.cc(137)] Unable to delete cache folder.
[0702/170312.542125:WARNING:cache_util.cc(137)] Unable to delete cache folder.
[0702/170312.542133:WARNING:cache_util.cc(137)] Unable to delete cache folder.
[0702/170312.542143:WARNING:cache_util.cc(137)] Unable to delete cache folder.
[0702/170312.542152:WARNING:cache_util.cc(137)] Unable to delete cache folder.
[0702/170312.542162:WARNING:cache_util.cc(137)] Unable to delete cache folder.
[0702/170312.542170:WARNING:cache_util.cc(137)] Unable to delete cache folder.
[0702/170312.542180:WARNING:cache_util.cc(137)] Unable to delete cache folder.
[0702/170312.542189:WARNING:cache_util.cc(137)] Unable to delete cache folder.
[0702/170312.542198:WARNING:cache_util.cc(137)] Unable to delete cache folder.
[0702/170312.542207:WARNING:cache_util.cc(137)] Unable to delete cache folder.
[0702/170312.542215:WARNING:cache_util.cc(137)] Unable to delete cache folder.
[0702/170312.542225:WARNING:cache_util.cc(137)] Unable to delete cache folder.
[0702/170312.542233:WARNING:cache_util.cc(137)] Unable to delete cache folder.
[0702/170312.542242:WARNING:cache_util.cc(137)] Unable to delete cache folder.
[0702/170312.542252:WARNING:cache_util.cc(137)] Unable to delete cache folder.
[0702/170312.542261:WARNING:cache_util.cc(137)] Unable to delete cache folder.
[0702/170312.542269:WARNING:cache_util.cc(137)] Unable to delete cache folder.
[0702/170312.542278:WARNING:cache_util.cc(137)] Unable to delete cache folder.
[0702/170312.542287:WARNING:cache_util.cc(137)] Unable to delete cache folder.
[0702/170312.542296:WARNING:cache_util.cc(137)] Unable to delete cache folder.
[0702/170312.542306:WARNING:cache_util.cc(137)] Unable to delete cache folder.
[0702/170312.542315:WARNING:cache_util.cc(137)] Unable to delete cache folder.
[0702/170312.542324:WARNING:cache_util.cc(137)] Unable to delete cache folder.
[0702/170312.542332:WARNING:cache_util.cc(137)] Unable to delete cache folder.
[0702/170312.542341:WARNING:cache_util.cc(137)] Unable to delete cache folder.
[0702/170312.542350:WARNING:cache_util.cc(137)] Unable to delete cache folder.
[0702/170312.542359:WARNING:cache_util.cc(137)] Unable to delete cache folder.
[0702/170312.542369:WARNING:cache_util.cc(137)] Unable to delete cache folder.
[0702/170312.542379:WARNING:cache_util.cc(137)] Unable to delete cache folder.
[0702/170312.542389:WARNING:cache_util.cc(137)] Unable to delete cache folder.
[0702/170312.542397:WARNING:cache_util.cc(137)] Unable to delete cache folder.
[0702/170312.542406:WARNING:cache_util.cc(137)] Unable to delete cache folder.
[0702/170312.542415:WARNING:cache_util.cc(137)] Unable to delete cache folder.
[0702/170312.542423:WARNING:cache_util.cc(137)] Unable to delete cache folder.
[0702/170312.542444:WARNING:cache_util.cc(137)] Unable to delete cache folder.
[0702/170312.542453:WARNING:cache_util.cc(137)] Unable to delete cache folder.
[0702/170312.543441:ERROR:disk_cache.cc(205)] Unable to create cache
[0702/170312.543468:ERROR:gpu_disk_cache.cc(673)] Gpu Cache Creation failed: -2
[0702/170312.543489:ERROR:disk_cache.cc(205)] Unable to create cache
[0702/170312.543498:ERROR:gpu_disk_cache.cc(673)] Gpu Cache Creation failed: -2
